<?xml version="1.0" encoding="UTF-8"?>
<!-- Generated by org.testng.reporters.JUnitXMLReporter -->
<testsuite hostname="DDC5-L-7F2RD63" ignored="0" name="Surefire test" tests="6" failures="0" timestamp="22 Jul 2021 07:23:06 GMT" time="0.03" errors="0">
  <testcase name="IOSApps" time="0.008" classname="mvnfamework.Mavenjava.AppiumTest"/>
  <testcase name="NativeAPpAndroid" time="0.0" classname="mvnfamework.Mavenjava.AppiumTest"/>
  <testcase name="deleteTwitter" time="0.001" classname="mvnfamework.Mavenjava.RESTAPITest"/>
  <testcase name="postJira" time="0.0" classname="mvnfamework.Mavenjava.RESTAPITest"/>
  <testcase name="BrowserAUtomation" time="0.0" classname="mvnfamework.Mavenjava.SeleniumTest"/>
  <testcase name="elementsUi" time="0.0" classname="mvnfamework.Mavenjava.SeleniumTest"/>
</testsuite> <!-- Surefire test -->
