<?xml version="1.0" encoding="UTF-8"?>
<!-- Generated by org.testng.reporters.JUnitXMLReporter -->
<testsuite ignored="0" hostname="DDC5-L-7F2RD63" failures="0" tests="6" name="Surefire test" time="0.024" errors="0" timestamp="17 Sep 2021 05:07:01 GMT">
  <testcase classname="mvnfamework.Mavenjava.AppiumTest" name="IOSApps" time="0.006"/>
  <testcase classname="mvnfamework.Mavenjava.AppiumTest" name="NativeAPpAndroid" time="0.0"/>
  <testcase classname="mvnfamework.Mavenjava.RESTAPITest" name="deleteTwitter" time="0.0"/>
  <testcase classname="mvnfamework.Mavenjava.RESTAPITest" name="postJira" time="0.0"/>
  <testcase classname="mvnfamework.Mavenjava.SeleniumTest" name="BrowserAUtomation" time="0.0"/>
  <testcase classname="mvnfamework.Mavenjava.SeleniumTest" name="elementsUi" time="0.0"/>
</testsuite> <!-- Surefire test -->
