<?xml version="1.0" encoding="UTF-8"?>
<testng-results ignored="0" total="6" passed="6" failed="0" skipped="0">
  <reporter-output>
  </reporter-output>
  <suite started-at="2021-09-17T05:07:01Z" name="Surefire suite" finished-at="2021-09-17T05:07:01Z" duration-ms="24">
    <groups>
    </groups>
    <test started-at="2021-09-17T05:07:01Z" name="Surefire test" finished-at="2021-09-17T05:07:01Z" duration-ms="24">
      <class name="mvnfamework.Mavenjava.SeleniumTest">
        <test-method signature="BrowserAUtomation()[pri:0, instance:mvnfamework.Mavenjava.SeleniumTest@368f2016]" started-at="2021-09-17T10:37:01Z" name="BrowserAUtomation" finished-at="2021-09-17T10:37:01Z" duration-ms="0" status="PASS">
          <reporter-output>
          </reporter-output>
        </test-method> <!-- BrowserAUtomation -->
        <test-method signature="elementsUi()[pri:0, instance:mvnfamework.Mavenjava.SeleniumTest@368f2016]" started-at="2021-09-17T10:37:01Z" name="elementsUi" finished-at="2021-09-17T10:37:01Z" duration-ms="0" status="PASS">
          <reporter-output>
          </reporter-output>
        </test-method> <!-- elementsUi -->
      </class> <!-- mvnfamework.Mavenjava.SeleniumTest -->
      <class name="mvnfamework.Mavenjava.AppiumTest">
        <test-method signature="IOSApps()[pri:0, instance:mvnfamework.Mavenjava.AppiumTest@459e9125]" started-at="2021-09-17T10:37:01Z" name="IOSApps" finished-at="2021-09-17T10:37:01Z" duration-ms="6" status="PASS">
          <reporter-output>
          </reporter-output>
        </test-method> <!-- IOSApps -->
        <test-method signature="NativeAPpAndroid()[pri:0, instance:mvnfamework.Mavenjava.AppiumTest@459e9125]" started-at="2021-09-17T10:37:01Z" name="NativeAPpAndroid" finished-at="2021-09-17T10:37:01Z" duration-ms="0" status="PASS">
          <reporter-output>
          </reporter-output>
        </test-method> <!-- NativeAPpAndroid -->
      </class> <!-- mvnfamework.Mavenjava.AppiumTest -->
      <class name="mvnfamework.Mavenjava.RESTAPITest">
        <test-method signature="deleteTwitter()[pri:0, instance:mvnfamework.Mavenjava.RESTAPITest@4d5d943d]" started-at="2021-09-17T10:37:01Z" name="deleteTwitter" finished-at="2021-09-17T10:37:01Z" duration-ms="0" status="PASS">
          <reporter-output>
          </reporter-output>
        </test-method> <!-- deleteTwitter -->
        <test-method signature="postJira()[pri:0, instance:mvnfamework.Mavenjava.RESTAPITest@4d5d943d]" started-at="2021-09-17T10:37:01Z" name="postJira" finished-at="2021-09-17T10:37:01Z" duration-ms="0" status="PASS">
          <reporter-output>
          </reporter-output>
        </test-method> <!-- postJira -->
      </class> <!-- mvnfamework.Mavenjava.RESTAPITest -->
    </test> <!-- Surefire test -->
  </suite> <!-- Surefire suite -->
</testng-results>
