<?xml version="1.0" encoding="UTF-8"?>
<testng-results skipped="0" failed="0" ignored="0" total="6" passed="6">
  <reporter-output>
  </reporter-output>
  <suite name="Surefire suite" duration-ms="30" started-at="2021-07-22T07:23:06Z" finished-at="2021-07-22T07:23:06Z">
    <groups>
    </groups>
    <test name="Surefire test" duration-ms="30" started-at="2021-07-22T07:23:06Z" finished-at="2021-07-22T07:23:06Z">
      <class name="mvnfamework.Mavenjava.SeleniumTest">
        <test-method status="PASS" signature="BrowserAUtomation()[pri:0, instance:mvnfamework.Mavenjava.SeleniumTest@6ae04d]" name="BrowserAUtomation" duration-ms="0" started-at="2021-07-22T12:53:06Z" finished-at="2021-07-22T12:53:06Z">
          <reporter-output>
          </reporter-output>
        </test-method> <!-- BrowserAUtomation -->
        <test-method status="PASS" signature="elementsUi()[pri:0, instance:mvnfamework.Mavenjava.SeleniumTest@6ae04d]" name="elementsUi" duration-ms="0" started-at="2021-07-22T12:53:06Z" finished-at="2021-07-22T12:53:06Z">
          <reporter-output>
          </reporter-output>
        </test-method> <!-- elementsUi -->
      </class> <!-- mvnfamework.Mavenjava.SeleniumTest -->
      <class name="mvnfamework.Mavenjava.AppiumTest">
        <test-method status="PASS" signature="IOSApps()[pri:0, instance:mvnfamework.Mavenjava.AppiumTest@15f7ae5]" name="IOSApps" duration-ms="8" started-at="2021-07-22T12:53:06Z" finished-at="2021-07-22T12:53:06Z">
          <reporter-output>
          </reporter-output>
        </test-method> <!-- IOSApps -->
        <test-method status="PASS" signature="NativeAPpAndroid()[pri:0, instance:mvnfamework.Mavenjava.AppiumTest@15f7ae5]" name="NativeAPpAndroid" duration-ms="0" started-at="2021-07-22T12:53:06Z" finished-at="2021-07-22T12:53:06Z">
          <reporter-output>
          </reporter-output>
        </test-method> <!-- NativeAPpAndroid -->
      </class> <!-- mvnfamework.Mavenjava.AppiumTest -->
      <class name="mvnfamework.Mavenjava.RESTAPITest">
        <test-method status="PASS" signature="deleteTwitter()[pri:0, instance:mvnfamework.Mavenjava.RESTAPITest@6a3f77]" name="deleteTwitter" duration-ms="1" started-at="2021-07-22T12:53:06Z" finished-at="2021-07-22T12:53:06Z">
          <reporter-output>
          </reporter-output>
        </test-method> <!-- deleteTwitter -->
        <test-method status="PASS" signature="postJira()[pri:0, instance:mvnfamework.Mavenjava.RESTAPITest@6a3f77]" name="postJira" duration-ms="0" started-at="2021-07-22T12:53:06Z" finished-at="2021-07-22T12:53:06Z">
          <reporter-output>
          </reporter-output>
        </test-method> <!-- postJira -->
      </class> <!-- mvnfamework.Mavenjava.RESTAPITest -->
    </test> <!-- Surefire test -->
  </suite> <!-- Surefire suite -->
</testng-results>
