<?xml version="1.0" encoding="UTF-8"?>
<testsuite xmlns:xsi="http://www.w3.org/2001/XMLSchema-instance" xsi:noNamespaceSchemaLocation="https://maven.apache.org/surefire/maven-surefire-plugin/xsd/surefire-test-report.xsd" name="TestSuite" time="1.103" tests="6" errors="0" skipped="0" failures="0">
  <properties>
[...]
</properties>
  <testcase name="IOSApps" classname="mvnfamework.Mavenjava.AppiumTest" time="0.007"/>
  <testcase name="NativeAPpAndroid" classname="mvnfamework.Mavenjava.AppiumTest" time="0.001"/>
  <testcase name="deleteTwitter" classname="mvnfamework.Mavenjava.RESTAPITest" time="0"/>
  <testcase name="postJira" classname="mvnfamework.Mavenjava.RESTAPITest" time="0"/>
  <testcase name="BrowserAUtomation" classname="mvnfamework.Mavenjava.SeleniumTest" time="0"/>
  <testcase name="elementsUi" classname="mvnfamework.Mavenjava.SeleniumTest" time="0"/>
</testsuite>